<?xml version="1.0" encoding="UTF-8"?>
<!-- Generated by org.testng.reporters.JUnitReportReporter -->
<testsuite hostname="DESKTOP-IRDUS6I" failures="0" tests="3" name="TestNgSelenium.Day4" time="0.018" errors="0" timestamp="2022-12-16T14:58:57 IST" skipped="0">
  <testcase classname="TestNgSelenium.Day4" name="Mobileloginload" time="0.009"/>
  <system-out/>
  <testcase classname="TestNgSelenium.Day4" name="Webloginloan" time="0.005"/>
  <system-out/>
  <testcase classname="TestNgSelenium.Day4" name="LoginApiloan" time="0.004"/>
  <system-out/>
</testsuite> <!-- TestNgSelenium.Day4 -->
