<?xml version="1.0" encoding="UTF-8"?>
<!-- Generated by org.testng.reporters.JUnitReportReporter -->
<testsuite hostname="DESKTOP-IRDUS6I" failures="0" tests="1" name="TestNgSelenium.Day1" time="0.027" errors="0" timestamp="2022-12-16T14:58:57 IST" skipped="0">
  <testcase classname="TestNgSelenium.Day1" name="SecondTest" time="0.027"/>
  <system-out/>
</testsuite> <!-- TestNgSelenium.Day1 -->
