<?xml version="1.0" encoding="UTF-8"?>
<!-- Generated by org.testng.reporters.JUnitReportReporter -->
<testsuite hostname="DESKTOP-IRDUS6I" failures="0" tests="1" name="TestNgSelenium.Day2" time="0.004" errors="0" timestamp="2022-12-16T14:58:57 IST" skipped="0">
  <testcase classname="TestNgSelenium.Day2" name="secondtest" time="0.004"/>
  <system-out/>
</testsuite> <!-- TestNgSelenium.Day2 -->
