<?xml version="1.0" encoding="UTF-8"?>
<!-- Generated by org.testng.reporters.JUnitReportReporter -->
<testsuite hostname="DESKTOP-IRDUS6I" failures="0" tests="1" name="cucumber.TestNgTestRunner" time="12.383" errors="0" timestamp="2023-03-03T12:51:07 IST" skipped="0">
  <testcase classname="cucumber.TestNgTestRunner" name="runScenario" time="12.383"/>
  <system-out/>
</testsuite> <!-- cucumber.TestNgTestRunner -->
