<?xml version="1.0" encoding="UTF-8"?>
<!-- Generated by org.testng.reporters.JUnitReportReporter -->
<testsuite hostname="DESKTOP-IRDUS6I" failures="0" tests="3" name="Framework.Test.SubmitOrderTest" time="39.957" errors="0" timestamp="2023-03-03T12:12:56 IST" skipped="0">
  <testcase classname="Framework.Test.SubmitOrderTest" name="OrderHistoryTest" time="9.129"/>
  <system-out/>
  <testcase classname="Framework.Test.SubmitOrderTest" name="submitOrder" time="12.539"/>
  <system-out/>
  <testcase classname="Framework.Test.SubmitOrderTest" name="submitOrder" time="18.289"/>
  <system-out/>
</testsuite> <!-- Framework.Test.SubmitOrderTest -->
