<?xml version="1.0" encoding="UTF-8"?>
<!-- Generated by org.testng.reporters.JUnitReportReporter -->
<testsuite hostname="DESKTOP-IRDUS6I" failures="0" tests="1" name="Framework.Test.ErrorValidation" time="19.744" errors="0" timestamp="2023-01-16T12:27:53 IST" skipped="0">
  <testcase classname="Framework.Test.ErrorValidation" name="submitOrder" time="19.744"/>
  <system-out/>
</testsuite> <!-- Framework.Test.ErrorValidation -->
