<?xml version="1.0" encoding="UTF-8"?>
<!-- Generated by org.testng.reporters.JUnitReportReporter -->
<testsuite hostname="DESKTOP-IRDUS6I" failures="0" tests="7" name="TestNgSelenium.Day3" time="0.032" errors="0" timestamp="2022-12-19T13:16:34 IST" skipped="0">
  <testcase classname="TestNgSelenium.Day3" name="MobileSignincarloan" time="0.005"/>
  <system-out/>
  <testcase classname="TestNgSelenium.Day3" name="MobileSignincarloan" time="0.006"/>
  <system-out/>
  <testcase classname="TestNgSelenium.Day3" name="Apicarloan" time="0.010"/>
  <system-out/>
  <testcase classname="TestNgSelenium.Day3" name="Weblogincarloan" time="0.002"/>
  <system-out/>
  <testcase classname="TestNgSelenium.Day3" name="Mobilelogincarloan" time="0.002"/>
  <system-out/>
  <testcase classname="TestNgSelenium.Day3" name="MobileSignincarloan" time="0.003"/>
  <system-out/>
  <testcase classname="TestNgSelenium.Day3" name="MobileSignoutcarloan" time="0.004"/>
  <system-out/>
</testsuite> <!-- TestNgSelenium.Day3 -->
