<?xml version="1.0" encoding="UTF-8"?>
<!-- Generated by org.testng.reporters.JUnitReportReporter -->
<testsuite hostname="DESKTOP-IRDUS6I" failures="0" tests="1" name="ExtendReport.ExtentReportDemo" time="19.033" errors="0" timestamp="2023-01-18T17:20:07 IST" skipped="0">
  <testcase classname="ExtendReport.ExtentReportDemo" name="initialDemo" time="19.033"/>
  <system-out/>
</testsuite> <!-- ExtendReport.ExtentReportDemo -->
