<?xml version="1.0" encoding="UTF-8"?>
<!-- Generated by org.testng.reporters.JUnitReportReporter -->
<testsuite hostname="DESKTOP-IRDUS6I" failures="0" tests="1" name="Test1" time="0.023" errors="0" timestamp="2022-12-01T14:24:19 IST" skipped="0">
  <testcase classname="Test1" name="regular" time="0.023"/>
  <system-out/>
</testsuite> <!-- Test1 -->
