<?xml version="1.0" encoding="UTF-8"?>
<!-- Generated by org.testng.reporters.JUnitReportReporter -->
<testsuite hostname="DESKTOP-IRDUS6I" failures="0" tests="3" name="Framework.Test.ErrorValidationTest" time="41.938" errors="0" timestamp="2023-03-02T23:33:10 IST" skipped="1">
  <testcase classname="Framework.Test.ErrorValidationTest" name="ProductErrorValidation" time="13.783"/>
  <system-out/>
  <testcase classname="Framework.Test.ErrorValidationTest" name="LoginErrorValidation" time="16.728">
    <skipped/>
  </testcase> <!-- LoginErrorValidation -->
  <system-out/>
  <testcase classname="Framework.Test.ErrorValidationTest" name="LoginErrorValidation" time="11.427"/>
  <system-out/>
</testsuite> <!-- Framework.Test.ErrorValidationTest -->
