<?xml version="1.0" encoding="UTF-8"?>
<!-- Generated by org.testng.reporters.JUnitReportReporter -->
<testsuite hostname="DESKTOP-IRDUS6I" failures="0" tests="3" name="Framework.Test.SubmitOrderTest" time="55.104" errors="0" timestamp="2023-03-03T15:13:09 IST" skipped="0">
  <testcase classname="Framework.Test.SubmitOrderTest" name="submitOrder" time="30.671"/>
  <system-out/>
  <testcase classname="Framework.Test.SubmitOrderTest" name="OrderHistoryTest" time="8.321"/>
  <system-out/>
  <testcase classname="Framework.Test.SubmitOrderTest" name="submitOrder" time="16.112"/>
  <system-out/>
</testsuite> <!-- Framework.Test.SubmitOrderTest -->
