<?xml version="1.0" encoding="UTF-8"?>
<!-- Generated by org.testng.reporters.JUnitReportReporter -->
<testsuite hostname="DESKTOP-IRDUS6I" failures="0" tests="2" name="Framework.Test.ErrorValidationTest" time="42.029" errors="0" timestamp="2023-03-03T15:13:09 IST" skipped="0">
  <testcase classname="Framework.Test.ErrorValidationTest" name="LoginErrorValidation" time="11.664"/>
  <system-out/>
  <testcase classname="Framework.Test.ErrorValidationTest" name="ProductErrorValidation" time="30.365"/>
  <system-out/>
</testsuite> <!-- Framework.Test.ErrorValidationTest -->
